2023-02-22 11:34:27.099  INFO 27304 --- [main] o.b.p.ProyectoFinalApplicationTests      : Starting ProyectoFinalApplicationTests using Java 15.0.2 on MSI with PID 27304 (started by Bravo17 in C:\Users\Bravo17\Documents\Proyectos\BEDU\proyecto-final\proyecto-final-backend)
2023-02-22 11:34:27.105  INFO 27304 --- [main] o.b.p.ProyectoFinalApplicationTests      : No active profile set, falling back to 1 default profile: "default"
2023-02-22 11:34:27.952  INFO 27304 --- [main] .s.d.r.c.RepositoryConfigurationDelegate : Bootstrapping Spring Data JPA repositories in DEFAULT mode.
2023-02-22 11:34:28.076  INFO 27304 --- [main] .s.d.r.c.RepositoryConfigurationDelegate : Finished Spring Data repository scanning in 110 ms. Found 6 JPA repository interfaces.
2023-02-22 11:34:28.947  INFO 27304 --- [main] o.hibernate.jpa.internal.util.LogHelper  : HHH000204: Processing PersistenceUnitInfo [name: default]
2023-02-22 11:34:29.092  INFO 27304 --- [main] org.hibernate.Version                    : HHH000412: Hibernate ORM core version 5.6.15.Final
2023-02-22 11:34:29.171  INFO 27304 --- [main] o.hibernate.annotations.common.Version   : HCANN000001: Hibernate Commons Annotations {5.1.2.Final}
2023-02-22 11:34:29.446  INFO 27304 --- [main] com.zaxxer.hikari.HikariDataSource       : HikariPool-1 - Starting...
2023-02-22 11:34:30.824  INFO 27304 --- [main] com.zaxxer.hikari.HikariDataSource       : HikariPool-1 - Start completed.
2023-02-22 11:34:30.846  INFO 27304 --- [main] org.hibernate.dialect.Dialect            : HHH000400: Using dialect: org.hibernate.dialect.MySQL5InnoDBDialect
2023-02-22 11:34:32.639  INFO 27304 --- [main] o.h.e.t.j.p.i.JtaPlatformInitiator       : HHH000490: Using JtaPlatform implementation: [org.hibernate.engine.transaction.jta.platform.internal.NoJtaPlatform]
2023-02-22 11:34:32.648  INFO 27304 --- [main] j.LocalContainerEntityManagerFactoryBean : Initialized JPA EntityManagerFactory for persistence unit 'default'
2023-02-22 11:34:34.036  INFO 27304 --- [main] o.s.s.web.DefaultSecurityFilterChain     : Will secure any request with [org.springframework.security.web.session.DisableEncodeUrlFilter@55cf5626, org.springframework.security.web.context.request.async.WebAsyncManagerIntegrationFilter@8de8b07, org.springframework.security.web.context.SecurityContextPersistenceFilter@73c1dda3, org.springframework.security.web.header.HeaderWriterFilter@6672b0ea, org.springframework.web.filter.CorsFilter@7b55f0a6, org.springframework.security.web.authentication.logout.LogoutFilter@41092c8, org.bedu.proyectofinal.security.jwt.AuthTokenFilter@f9ac719, org.springframework.security.web.savedrequest.RequestCacheAwareFilter@6f12fca0, org.springframework.security.web.servletapi.SecurityContextHolderAwareRequestFilter@12c30824, org.springframework.security.web.authentication.AnonymousAuthenticationFilter@3fc7abf6, org.springframework.security.web.session.SessionManagementFilter@3cfab56d, org.springframework.security.web.access.ExceptionTranslationFilter@5248c05a, org.springframework.security.web.access.intercept.FilterSecurityInterceptor@96448ee]
2023-02-22 11:34:34.444  WARN 27304 --- [main] JpaBaseConfiguration$JpaWebConfiguration : spring.jpa.open-in-view is enabled by default. Therefore, database queries may be performed during view rendering. Explicitly configure spring.jpa.open-in-view to disable this warning
2023-02-22 11:34:35.621  INFO 27304 --- [main] o.b.p.ProyectoFinalApplicationTests      : Started ProyectoFinalApplicationTests in 8.862 seconds (JVM running for 10.683)
2023-02-22 11:34:35.724  INFO 27304 --- [SpringApplicationShutdownHook] j.LocalContainerEntityManagerFactoryBean : Closing JPA EntityManagerFactory for persistence unit 'default'
2023-02-22 11:34:35.730  INFO 27304 --- [SpringApplicationShutdownHook] com.zaxxer.hikari.HikariDataSource       : HikariPool-1 - Shutdown initiated...
2023-02-22 11:34:35.847  INFO 27304 --- [SpringApplicationShutdownHook] com.zaxxer.hikari.HikariDataSource       : HikariPool-1 - Shutdown completed.
2023-02-22 11:38:53.693  INFO 25732 --- [main] o.b.p.ProyectoFinalApplicationTests      : Starting ProyectoFinalApplicationTests using Java 15.0.2 on MSI with PID 25732 (started by Bravo17 in C:\Users\Bravo17\Documents\Proyectos\BEDU\proyecto-final\proyecto-final-backend)
2023-02-22 11:38:53.695  INFO 25732 --- [main] o.b.p.ProyectoFinalApplicationTests      : No active profile set, falling back to 1 default profile: "default"
2023-02-22 11:38:54.500  INFO 25732 --- [main] .s.d.r.c.RepositoryConfigurationDelegate : Bootstrapping Spring Data JPA repositories in DEFAULT mode.
2023-02-22 11:38:54.643  INFO 25732 --- [main] .s.d.r.c.RepositoryConfigurationDelegate : Finished Spring Data repository scanning in 130 ms. Found 6 JPA repository interfaces.
2023-02-22 11:38:55.528  INFO 25732 --- [main] o.hibernate.jpa.internal.util.LogHelper  : HHH000204: Processing PersistenceUnitInfo [name: default]
2023-02-22 11:38:55.618  INFO 25732 --- [main] org.hibernate.Version                    : HHH000412: Hibernate ORM core version 5.6.15.Final
2023-02-22 11:38:55.698  INFO 25732 --- [main] o.hibernate.annotations.common.Version   : HCANN000001: Hibernate Commons Annotations {5.1.2.Final}
2023-02-22 11:38:55.991  INFO 25732 --- [main] com.zaxxer.hikari.HikariDataSource       : HikariPool-1 - Starting...
2023-02-22 11:38:56.983  INFO 25732 --- [main] com.zaxxer.hikari.HikariDataSource       : HikariPool-1 - Start completed.
2023-02-22 11:38:56.995  INFO 25732 --- [main] org.hibernate.dialect.Dialect            : HHH000400: Using dialect: org.hibernate.dialect.MySQL5InnoDBDialect
2023-02-22 11:38:58.618  INFO 25732 --- [main] o.h.e.t.j.p.i.JtaPlatformInitiator       : HHH000490: Using JtaPlatform implementation: [org.hibernate.engine.transaction.jta.platform.internal.NoJtaPlatform]
2023-02-22 11:38:58.626  INFO 25732 --- [main] j.LocalContainerEntityManagerFactoryBean : Initialized JPA EntityManagerFactory for persistence unit 'default'
2023-02-22 11:39:00.158  INFO 25732 --- [main] o.s.s.web.DefaultSecurityFilterChain     : Will secure any request with [org.springframework.security.web.session.DisableEncodeUrlFilter@3f1d4ecf, org.springframework.security.web.context.request.async.WebAsyncManagerIntegrationFilter@6bbac73d, org.springframework.security.web.context.SecurityContextPersistenceFilter@27e656e6, org.springframework.security.web.header.HeaderWriterFilter@4c941d19, org.springframework.web.filter.CorsFilter@4e53c6ef, org.springframework.security.web.authentication.logout.LogoutFilter@3af6c672, org.bedu.proyectofinal.security.jwt.AuthTokenFilter@477d6f66, org.springframework.security.web.savedrequest.RequestCacheAwareFilter@51d34f02, org.springframework.security.web.servletapi.SecurityContextHolderAwareRequestFilter@441762b8, org.springframework.security.web.authentication.AnonymousAuthenticationFilter@6164b3a2, org.springframework.security.web.session.SessionManagementFilter@4e0139, org.springframework.security.web.access.ExceptionTranslationFilter@1e37cb10, org.springframework.security.web.access.intercept.FilterSecurityInterceptor@63218586]
2023-02-22 11:39:00.576  WARN 25732 --- [main] JpaBaseConfiguration$JpaWebConfiguration : spring.jpa.open-in-view is enabled by default. Therefore, database queries may be performed during view rendering. Explicitly configure spring.jpa.open-in-view to disable this warning
2023-02-22 11:39:01.759  INFO 25732 --- [main] o.b.p.ProyectoFinalApplicationTests      : Started ProyectoFinalApplicationTests in 8.332 seconds (JVM running for 10.019)
2023-02-22 11:39:01.817  INFO 25732 --- [SpringApplicationShutdownHook] j.LocalContainerEntityManagerFactoryBean : Closing JPA EntityManagerFactory for persistence unit 'default'
2023-02-22 11:39:01.821  INFO 25732 --- [SpringApplicationShutdownHook] com.zaxxer.hikari.HikariDataSource       : HikariPool-1 - Shutdown initiated...
2023-02-22 11:39:01.874  INFO 25732 --- [SpringApplicationShutdownHook] com.zaxxer.hikari.HikariDataSource       : HikariPool-1 - Shutdown completed.
2023-02-22 11:48:53.230  INFO 24408 --- [main] o.b.p.ProyectoFinalApplication           : Starting ProyectoFinalApplication using Java 15.0.2 on MSI with PID 24408 (C:\Users\Bravo17\Documents\Proyectos\BEDU\proyecto-final\proyecto-final-backend\target\classes started by Bravo17 in C:\Users\Bravo17\Documents\Proyectos\BEDU\proyecto-final\proyecto-final-backend)
2023-02-22 11:48:53.234  INFO 24408 --- [main] o.b.p.ProyectoFinalApplication           : No active profile set, falling back to 1 default profile: "default"
2023-02-22 11:48:53.843  INFO 24408 --- [main] .s.d.r.c.RepositoryConfigurationDelegate : Bootstrapping Spring Data JPA repositories in DEFAULT mode.
2023-02-22 11:48:53.931  INFO 24408 --- [main] .s.d.r.c.RepositoryConfigurationDelegate : Finished Spring Data repository scanning in 82 ms. Found 6 JPA repository interfaces.
2023-02-22 11:48:54.527  INFO 24408 --- [main] o.s.b.w.embedded.tomcat.TomcatWebServer  : Tomcat initialized with port(s): 8080 (http)
2023-02-22 11:48:54.538  INFO 24408 --- [main] o.apache.catalina.core.StandardService   : Starting service [Tomcat]
2023-02-22 11:48:54.539  INFO 24408 --- [main] org.apache.catalina.core.StandardEngine  : Starting Servlet engine: [Apache Tomcat/9.0.71]
2023-02-22 11:48:54.653  INFO 24408 --- [main] o.a.c.c.C.[Tomcat].[localhost].[/]       : Initializing Spring embedded WebApplicationContext
2023-02-22 11:48:54.654  INFO 24408 --- [main] w.s.c.ServletWebServerApplicationContext : Root WebApplicationContext: initialization completed in 1382 ms
2023-02-22 11:48:54.798  INFO 24408 --- [main] o.hibernate.jpa.internal.util.LogHelper  : HHH000204: Processing PersistenceUnitInfo [name: default]
2023-02-22 11:48:54.832  INFO 24408 --- [main] org.hibernate.Version                    : HHH000412: Hibernate ORM core version 5.6.15.Final
2023-02-22 11:48:54.954  INFO 24408 --- [main] o.hibernate.annotations.common.Version   : HCANN000001: Hibernate Commons Annotations {5.1.2.Final}
2023-02-22 11:48:55.029  INFO 24408 --- [main] com.zaxxer.hikari.HikariDataSource       : HikariPool-1 - Starting...
2023-02-22 11:48:56.697  INFO 24408 --- [main] com.zaxxer.hikari.HikariDataSource       : HikariPool-1 - Start completed.
2023-02-22 11:48:56.709  INFO 24408 --- [main] org.hibernate.dialect.Dialect            : HHH000400: Using dialect: org.hibernate.dialect.MySQL5InnoDBDialect
2023-02-22 11:48:59.363  INFO 24408 --- [main] o.h.e.t.j.p.i.JtaPlatformInitiator       : HHH000490: Using JtaPlatform implementation: [org.hibernate.engine.transaction.jta.platform.internal.NoJtaPlatform]
2023-02-22 11:48:59.371  INFO 24408 --- [main] j.LocalContainerEntityManagerFactoryBean : Initialized JPA EntityManagerFactory for persistence unit 'default'
2023-02-22 11:48:59.906  INFO 24408 --- [main] o.s.s.web.DefaultSecurityFilterChain     : Will secure any request with [org.springframework.security.web.session.DisableEncodeUrlFilter@60ba6631, org.springframework.security.web.context.request.async.WebAsyncManagerIntegrationFilter@4d2950ed, org.springframework.security.web.context.SecurityContextPersistenceFilter@7676b2b9, org.springframework.security.web.header.HeaderWriterFilter@22dc9d46, org.springframework.web.filter.CorsFilter@3095d06b, org.springframework.security.web.authentication.logout.LogoutFilter@6be1f37f, org.bedu.proyectofinal.security.jwt.AuthTokenFilter@78e50fca, org.springframework.security.web.savedrequest.RequestCacheAwareFilter@7910e307, org.springframework.security.web.servletapi.SecurityContextHolderAwareRequestFilter@460aa24e, org.springframework.security.web.authentication.AnonymousAuthenticationFilter@51aaa9d4, org.springframework.security.web.session.SessionManagementFilter@18a38bba, org.springframework.security.web.access.ExceptionTranslationFilter@6afced93, org.springframework.security.web.access.intercept.FilterSecurityInterceptor@6ed87ccf]
2023-02-22 11:48:59.937  WARN 24408 --- [main] JpaBaseConfiguration$JpaWebConfiguration : spring.jpa.open-in-view is enabled by default. Therefore, database queries may be performed during view rendering. Explicitly configure spring.jpa.open-in-view to disable this warning
2023-02-22 11:49:00.241  INFO 24408 --- [main] o.s.b.w.embedded.tomcat.TomcatWebServer  : Tomcat started on port(s): 8080 (http) with context path ''
2023-02-22 11:49:00.249  INFO 24408 --- [main] o.b.p.ProyectoFinalApplication           : Started ProyectoFinalApplication in 7.319 seconds (JVM running for 7.599)
2023-02-22 11:49:42.332  INFO 24408 --- [http-nio-8080-exec-2] o.a.c.c.C.[Tomcat].[localhost].[/]       : Initializing Spring DispatcherServlet 'dispatcherServlet'
2023-02-22 11:49:42.334  INFO 24408 --- [http-nio-8080-exec-2] o.s.web.servlet.DispatcherServlet        : Initializing Servlet 'dispatcherServlet'
2023-02-22 11:49:42.336  INFO 24408 --- [http-nio-8080-exec-2] o.s.web.servlet.DispatcherServlet        : Completed initialization in 1 ms
2023-02-22 12:08:24.554  INFO 24408 --- [SpringApplicationShutdownHook] j.LocalContainerEntityManagerFactoryBean : Closing JPA EntityManagerFactory for persistence unit 'default'
2023-02-22 12:08:24.557  INFO 24408 --- [SpringApplicationShutdownHook] com.zaxxer.hikari.HikariDataSource       : HikariPool-1 - Shutdown initiated...
2023-02-22 12:08:24.563  INFO 24408 --- [SpringApplicationShutdownHook] com.zaxxer.hikari.HikariDataSource       : HikariPool-1 - Shutdown completed.
2023-02-22 12:24:42.282  INFO 22152 --- [main] o.b.p.ProyectoFinalApplication           : Starting ProyectoFinalApplication using Java 15.0.2 on MSI with PID 22152 (C:\Users\Bravo17\Documents\Proyectos\BEDU\proyecto-final\proyecto-final-backend\target\classes started by Bravo17 in C:\Users\Bravo17\Documents\Proyectos\BEDU\proyecto-final\proyecto-final-backend)
2023-02-22 12:24:42.285  INFO 22152 --- [main] o.b.p.ProyectoFinalApplication           : No active profile set, falling back to 1 default profile: "default"
2023-02-22 12:24:42.879  INFO 22152 --- [main] .s.d.r.c.RepositoryConfigurationDelegate : Bootstrapping Spring Data JPA repositories in DEFAULT mode.
2023-02-22 12:24:42.957  INFO 22152 --- [main] .s.d.r.c.RepositoryConfigurationDelegate : Finished Spring Data repository scanning in 70 ms. Found 6 JPA repository interfaces.
2023-02-22 12:24:43.519  INFO 22152 --- [main] o.s.b.w.embedded.tomcat.TomcatWebServer  : Tomcat initialized with port(s): 8080 (http)
2023-02-22 12:24:43.534  INFO 22152 --- [main] o.apache.catalina.core.StandardService   : Starting service [Tomcat]
2023-02-22 12:24:43.535  INFO 22152 --- [main] org.apache.catalina.core.StandardEngine  : Starting Servlet engine: [Apache Tomcat/9.0.71]
2023-02-22 12:24:43.657  INFO 22152 --- [main] o.a.c.c.C.[Tomcat].[localhost].[/]       : Initializing Spring embedded WebApplicationContext
2023-02-22 12:24:43.657  INFO 22152 --- [main] w.s.c.ServletWebServerApplicationContext : Root WebApplicationContext: initialization completed in 1321 ms
2023-02-22 12:24:43.787  INFO 22152 --- [main] o.hibernate.jpa.internal.util.LogHelper  : HHH000204: Processing PersistenceUnitInfo [name: default]
2023-02-22 12:24:43.838  INFO 22152 --- [main] org.hibernate.Version                    : HHH000412: Hibernate ORM core version 5.6.15.Final
2023-02-22 12:24:43.987  INFO 22152 --- [main] o.hibernate.annotations.common.Version   : HCANN000001: Hibernate Commons Annotations {5.1.2.Final}
2023-02-22 12:24:44.065  INFO 22152 --- [main] com.zaxxer.hikari.HikariDataSource       : HikariPool-1 - Starting...
2023-02-22 12:24:44.229  INFO 22152 --- [main] com.zaxxer.hikari.HikariDataSource       : HikariPool-1 - Start completed.
2023-02-22 12:24:44.243  INFO 22152 --- [main] org.hibernate.dialect.Dialect            : HHH000400: Using dialect: org.hibernate.dialect.MySQL5InnoDBDialect
2023-02-22 12:24:44.900  INFO 22152 --- [main] o.h.e.t.j.p.i.JtaPlatformInitiator       : HHH000490: Using JtaPlatform implementation: [org.hibernate.engine.transaction.jta.platform.internal.NoJtaPlatform]
2023-02-22 12:24:44.908  INFO 22152 --- [main] j.LocalContainerEntityManagerFactoryBean : Initialized JPA EntityManagerFactory for persistence unit 'default'
2023-02-22 12:24:45.453  WARN 22152 --- [main] JpaBaseConfiguration$JpaWebConfiguration : spring.jpa.open-in-view is enabled by default. Therefore, database queries may be performed during view rendering. Explicitly configure spring.jpa.open-in-view to disable this warning
2023-02-22 12:24:45.620  INFO 22152 --- [main] o.s.s.web.DefaultSecurityFilterChain     : Will secure any request with [org.springframework.security.web.session.DisableEncodeUrlFilter@c31419f, org.springframework.security.web.context.request.async.WebAsyncManagerIntegrationFilter@43dddfdd, org.springframework.security.web.context.SecurityContextPersistenceFilter@58ca6ba3, org.springframework.security.web.header.HeaderWriterFilter@6afced93, org.springframework.web.filter.CorsFilter@22c0344e, org.springframework.security.web.authentication.logout.LogoutFilter@627d5f99, org.bedu.proyectofinal.security.jwt.AuthTokenFilter@5265a8dd, org.springframework.security.web.savedrequest.RequestCacheAwareFilter@7676b2b9, org.springframework.security.web.servletapi.SecurityContextHolderAwareRequestFilter@720c0996, org.springframework.security.web.authentication.AnonymousAuthenticationFilter@7267006e, org.springframework.security.web.session.SessionManagementFilter@5b3ee43e, org.springframework.security.web.access.ExceptionTranslationFilter@62dfe152, org.springframework.security.web.access.intercept.FilterSecurityInterceptor@4840ec68]
2023-02-22 12:24:45.823  INFO 22152 --- [main] o.s.b.w.embedded.tomcat.TomcatWebServer  : Tomcat started on port(s): 8080 (http) with context path ''
2023-02-22 12:24:45.831  INFO 22152 --- [main] o.b.p.ProyectoFinalApplication           : Started ProyectoFinalApplication in 3.924 seconds (JVM running for 4.232)
2023-02-22 12:25:11.524  INFO 22152 --- [http-nio-8080-exec-1] o.a.c.c.C.[Tomcat].[localhost].[/]       : Initializing Spring DispatcherServlet 'dispatcherServlet'
2023-02-22 12:25:11.525  INFO 22152 --- [http-nio-8080-exec-1] o.s.web.servlet.DispatcherServlet        : Initializing Servlet 'dispatcherServlet'
2023-02-22 12:25:11.526  INFO 22152 --- [http-nio-8080-exec-1] o.s.web.servlet.DispatcherServlet        : Completed initialization in 1 ms
2023-02-22 12:26:35.157  INFO 22152 --- [SpringApplicationShutdownHook] j.LocalContainerEntityManagerFactoryBean : Closing JPA EntityManagerFactory for persistence unit 'default'
2023-02-22 12:26:35.161  INFO 22152 --- [SpringApplicationShutdownHook] com.zaxxer.hikari.HikariDataSource       : HikariPool-1 - Shutdown initiated...
2023-02-22 12:26:35.170  INFO 22152 --- [SpringApplicationShutdownHook] com.zaxxer.hikari.HikariDataSource       : HikariPool-1 - Shutdown completed.
2023-02-22 12:26:46.030  INFO 29576 --- [main] o.b.p.ProyectoFinalApplication           : Starting ProyectoFinalApplication using Java 15.0.2 on MSI with PID 29576 (C:\Users\Bravo17\Documents\Proyectos\BEDU\proyecto-final\proyecto-final-backend\target\classes started by Bravo17 in C:\Users\Bravo17\Documents\Proyectos\BEDU\proyecto-final\proyecto-final-backend)
2023-02-22 12:26:46.033  INFO 29576 --- [main] o.b.p.ProyectoFinalApplication           : No active profile set, falling back to 1 default profile: "default"
2023-02-22 12:26:46.578  INFO 29576 --- [main] .s.d.r.c.RepositoryConfigurationDelegate : Bootstrapping Spring Data JPA repositories in DEFAULT mode.
2023-02-22 12:26:46.652  INFO 29576 --- [main] .s.d.r.c.RepositoryConfigurationDelegate : Finished Spring Data repository scanning in 66 ms. Found 6 JPA repository interfaces.
2023-02-22 12:26:47.178  INFO 29576 --- [main] o.s.b.w.embedded.tomcat.TomcatWebServer  : Tomcat initialized with port(s): 8080 (http)
2023-02-22 12:26:47.187  INFO 29576 --- [main] o.apache.catalina.core.StandardService   : Starting service [Tomcat]
2023-02-22 12:26:47.188  INFO 29576 --- [main] org.apache.catalina.core.StandardEngine  : Starting Servlet engine: [Apache Tomcat/9.0.71]
2023-02-22 12:26:47.293  INFO 29576 --- [main] o.a.c.c.C.[Tomcat].[localhost].[/]       : Initializing Spring embedded WebApplicationContext
2023-02-22 12:26:47.294  INFO 29576 --- [main] w.s.c.ServletWebServerApplicationContext : Root WebApplicationContext: initialization completed in 1223 ms
2023-02-22 12:26:47.417  INFO 29576 --- [main] o.hibernate.jpa.internal.util.LogHelper  : HHH000204: Processing PersistenceUnitInfo [name: default]
2023-02-22 12:26:47.451  INFO 29576 --- [main] org.hibernate.Version                    : HHH000412: Hibernate ORM core version 5.6.15.Final
2023-02-22 12:26:47.567  INFO 29576 --- [main] o.hibernate.annotations.common.Version   : HCANN000001: Hibernate Commons Annotations {5.1.2.Final}
2023-02-22 12:26:47.636  INFO 29576 --- [main] com.zaxxer.hikari.HikariDataSource       : HikariPool-1 - Starting...
2023-02-22 12:26:47.796  INFO 29576 --- [main] com.zaxxer.hikari.HikariDataSource       : HikariPool-1 - Start completed.
2023-02-22 12:26:47.811  INFO 29576 --- [main] org.hibernate.dialect.Dialect            : HHH000400: Using dialect: org.hibernate.dialect.MySQL5InnoDBDialect
2023-02-22 12:26:48.387  INFO 29576 --- [main] o.h.e.t.j.p.i.JtaPlatformInitiator       : HHH000490: Using JtaPlatform implementation: [org.hibernate.engine.transaction.jta.platform.internal.NoJtaPlatform]
2023-02-22 12:26:48.395  INFO 29576 --- [main] j.LocalContainerEntityManagerFactoryBean : Initialized JPA EntityManagerFactory for persistence unit 'default'
2023-02-22 12:26:48.927  WARN 29576 --- [main] JpaBaseConfiguration$JpaWebConfiguration : spring.jpa.open-in-view is enabled by default. Therefore, database queries may be performed during view rendering. Explicitly configure spring.jpa.open-in-view to disable this warning
2023-02-22 12:26:49.083  INFO 29576 --- [main] o.s.s.web.DefaultSecurityFilterChain     : Will secure any request with [org.springframework.security.web.session.DisableEncodeUrlFilter@59d29065, org.springframework.security.web.context.request.async.WebAsyncManagerIntegrationFilter@7a13ad55, org.springframework.security.web.context.SecurityContextPersistenceFilter@7f9e6167, org.springframework.security.web.header.HeaderWriterFilter@3b3f62d7, org.springframework.web.filter.CorsFilter@303db609, org.springframework.security.web.authentication.logout.LogoutFilter@46c2189e, org.bedu.proyectofinal.security.jwt.AuthTokenFilter@2ae7c1d, org.springframework.security.web.savedrequest.RequestCacheAwareFilter@32e5fb4c, org.springframework.security.web.servletapi.SecurityContextHolderAwareRequestFilter@11a7840f, org.springframework.security.web.authentication.AnonymousAuthenticationFilter@20a116a0, org.springframework.security.web.session.SessionManagementFilter@698e1bf5, org.springframework.security.web.access.ExceptionTranslationFilter@ea0c99c, org.springframework.security.web.access.intercept.FilterSecurityInterceptor@22c0344e]
2023-02-22 12:26:49.252  INFO 29576 --- [main] o.s.b.w.embedded.tomcat.TomcatWebServer  : Tomcat started on port(s): 8080 (http) with context path ''
2023-02-22 12:26:49.260  INFO 29576 --- [main] o.b.p.ProyectoFinalApplication           : Started ProyectoFinalApplication in 3.572 seconds (JVM running for 3.883)
2023-02-22 12:27:03.490  INFO 29576 --- [http-nio-8080-exec-1] o.a.c.c.C.[Tomcat].[localhost].[/]       : Initializing Spring DispatcherServlet 'dispatcherServlet'
2023-02-22 12:27:03.491  INFO 29576 --- [http-nio-8080-exec-1] o.s.web.servlet.DispatcherServlet        : Initializing Servlet 'dispatcherServlet'
2023-02-22 12:27:03.493  INFO 29576 --- [http-nio-8080-exec-1] o.s.web.servlet.DispatcherServlet        : Completed initialization in 1 ms
2023-02-22 12:27:31.098  INFO 29576 --- [SpringApplicationShutdownHook] j.LocalContainerEntityManagerFactoryBean : Closing JPA EntityManagerFactory for persistence unit 'default'
2023-02-22 12:27:31.100  INFO 29576 --- [SpringApplicationShutdownHook] com.zaxxer.hikari.HikariDataSource       : HikariPool-1 - Shutdown initiated...
2023-02-22 12:27:31.109  INFO 29576 --- [SpringApplicationShutdownHook] com.zaxxer.hikari.HikariDataSource       : HikariPool-1 - Shutdown completed.
2023-02-22 12:27:41.431  INFO 15444 --- [main] o.b.p.ProyectoFinalApplication           : Starting ProyectoFinalApplication using Java 15.0.2 on MSI with PID 15444 (C:\Users\Bravo17\Documents\Proyectos\BEDU\proyecto-final\proyecto-final-backend\target\classes started by Bravo17 in C:\Users\Bravo17\Documents\Proyectos\BEDU\proyecto-final\proyecto-final-backend)
2023-02-22 12:27:41.434  INFO 15444 --- [main] o.b.p.ProyectoFinalApplication           : No active profile set, falling back to 1 default profile: "default"
2023-02-22 12:27:42.084  INFO 15444 --- [main] .s.d.r.c.RepositoryConfigurationDelegate : Bootstrapping Spring Data JPA repositories in DEFAULT mode.
2023-02-22 12:27:42.159  INFO 15444 --- [main] .s.d.r.c.RepositoryConfigurationDelegate : Finished Spring Data repository scanning in 68 ms. Found 6 JPA repository interfaces.
2023-02-22 12:27:42.673  INFO 15444 --- [main] o.s.b.w.embedded.tomcat.TomcatWebServer  : Tomcat initialized with port(s): 8080 (http)
2023-02-22 12:27:42.682  INFO 15444 --- [main] o.apache.catalina.core.StandardService   : Starting service [Tomcat]
2023-02-22 12:27:42.683  INFO 15444 --- [main] org.apache.catalina.core.StandardEngine  : Starting Servlet engine: [Apache Tomcat/9.0.71]
2023-02-22 12:27:42.786  INFO 15444 --- [main] o.a.c.c.C.[Tomcat].[localhost].[/]       : Initializing Spring embedded WebApplicationContext
2023-02-22 12:27:42.787  INFO 15444 --- [main] w.s.c.ServletWebServerApplicationContext : Root WebApplicationContext: initialization completed in 1312 ms
2023-02-22 12:27:42.908  INFO 15444 --- [main] o.hibernate.jpa.internal.util.LogHelper  : HHH000204: Processing PersistenceUnitInfo [name: default]
2023-02-22 12:27:42.942  INFO 15444 --- [main] org.hibernate.Version                    : HHH000412: Hibernate ORM core version 5.6.15.Final
2023-02-22 12:27:43.057  INFO 15444 --- [main] o.hibernate.annotations.common.Version   : HCANN000001: Hibernate Commons Annotations {5.1.2.Final}
2023-02-22 12:27:43.135  INFO 15444 --- [main] com.zaxxer.hikari.HikariDataSource       : HikariPool-1 - Starting...
2023-02-22 12:27:43.274  INFO 15444 --- [main] com.zaxxer.hikari.HikariDataSource       : HikariPool-1 - Start completed.
2023-02-22 12:27:43.285  INFO 15444 --- [main] org.hibernate.dialect.Dialect            : HHH000400: Using dialect: org.hibernate.dialect.MySQL5InnoDBDialect
2023-02-22 12:27:43.856  INFO 15444 --- [main] o.h.e.t.j.p.i.JtaPlatformInitiator       : HHH000490: Using JtaPlatform implementation: [org.hibernate.engine.transaction.jta.platform.internal.NoJtaPlatform]
2023-02-22 12:27:43.865  INFO 15444 --- [main] j.LocalContainerEntityManagerFactoryBean : Initialized JPA EntityManagerFactory for persistence unit 'default'
2023-02-22 12:27:44.438  WARN 15444 --- [main] JpaBaseConfiguration$JpaWebConfiguration : spring.jpa.open-in-view is enabled by default. Therefore, database queries may be performed during view rendering. Explicitly configure spring.jpa.open-in-view to disable this warning
2023-02-22 12:27:44.622  INFO 15444 --- [main] o.s.s.web.DefaultSecurityFilterChain     : Will secure any request with [org.springframework.security.web.session.DisableEncodeUrlFilter@7d2baa56, org.springframework.security.web.context.request.async.WebAsyncManagerIntegrationFilter@6b4a2887, org.springframework.security.web.context.SecurityContextPersistenceFilter@7a85dc58, org.springframework.security.web.header.HeaderWriterFilter@ea0c99c, org.springframework.web.filter.CorsFilter@23b087c3, org.springframework.security.web.authentication.logout.LogoutFilter@3d1b43d8, org.bedu.proyectofinal.security.jwt.AuthTokenFilter@71eaef6a, org.springframework.security.web.savedrequest.RequestCacheAwareFilter@7f9e6167, org.springframework.security.web.servletapi.SecurityContextHolderAwareRequestFilter@66d69cd2, org.springframework.security.web.authentication.AnonymousAuthenticationFilter@237c8718, org.springframework.security.web.session.SessionManagementFilter@5aa334c, org.springframework.security.web.access.ExceptionTranslationFilter@6369d01c, org.springframework.security.web.access.intercept.FilterSecurityInterceptor@a238a8e]
2023-02-22 12:27:44.811  INFO 15444 --- [main] o.s.b.w.embedded.tomcat.TomcatWebServer  : Tomcat started on port(s): 8080 (http) with context path ''
2023-02-22 12:27:44.819  INFO 15444 --- [main] o.b.p.ProyectoFinalApplication           : Started ProyectoFinalApplication in 3.716 seconds (JVM running for 4.043)
2023-02-22 12:27:52.953  INFO 15444 --- [http-nio-8080-exec-1] o.a.c.c.C.[Tomcat].[localhost].[/]       : Initializing Spring DispatcherServlet 'dispatcherServlet'
2023-02-22 12:27:52.955  INFO 15444 --- [http-nio-8080-exec-1] o.s.web.servlet.DispatcherServlet        : Initializing Servlet 'dispatcherServlet'
2023-02-22 12:27:52.956  INFO 15444 --- [http-nio-8080-exec-1] o.s.web.servlet.DispatcherServlet        : Completed initialization in 1 ms
2023-02-22 12:28:13.727  INFO 15444 --- [SpringApplicationShutdownHook] j.LocalContainerEntityManagerFactoryBean : Closing JPA EntityManagerFactory for persistence unit 'default'
2023-02-22 12:28:13.728  INFO 15444 --- [SpringApplicationShutdownHook] com.zaxxer.hikari.HikariDataSource       : HikariPool-1 - Shutdown initiated...
2023-02-22 12:28:13.735  INFO 15444 --- [SpringApplicationShutdownHook] com.zaxxer.hikari.HikariDataSource       : HikariPool-1 - Shutdown completed.
2023-02-22 12:28:24.214  INFO 28656 --- [main] o.b.p.ProyectoFinalApplication           : Starting ProyectoFinalApplication using Java 15.0.2 on MSI with PID 28656 (C:\Users\Bravo17\Documents\Proyectos\BEDU\proyecto-final\proyecto-final-backend\target\classes started by Bravo17 in C:\Users\Bravo17\Documents\Proyectos\BEDU\proyecto-final\proyecto-final-backend)
2023-02-22 12:28:24.217  INFO 28656 --- [main] o.b.p.ProyectoFinalApplication           : No active profile set, falling back to 1 default profile: "default"
2023-02-22 12:28:24.756  INFO 28656 --- [main] .s.d.r.c.RepositoryConfigurationDelegate : Bootstrapping Spring Data JPA repositories in DEFAULT mode.
2023-02-22 12:28:24.829  INFO 28656 --- [main] .s.d.r.c.RepositoryConfigurationDelegate : Finished Spring Data repository scanning in 66 ms. Found 6 JPA repository interfaces.
2023-02-22 12:28:25.320  INFO 28656 --- [main] o.s.b.w.embedded.tomcat.TomcatWebServer  : Tomcat initialized with port(s): 8080 (http)
2023-02-22 12:28:25.330  INFO 28656 --- [main] o.apache.catalina.core.StandardService   : Starting service [Tomcat]
2023-02-22 12:28:25.331  INFO 28656 --- [main] org.apache.catalina.core.StandardEngine  : Starting Servlet engine: [Apache Tomcat/9.0.71]
2023-02-22 12:28:25.437  INFO 28656 --- [main] o.a.c.c.C.[Tomcat].[localhost].[/]       : Initializing Spring embedded WebApplicationContext
2023-02-22 12:28:25.438  INFO 28656 --- [main] w.s.c.ServletWebServerApplicationContext : Root WebApplicationContext: initialization completed in 1184 ms
2023-02-22 12:28:25.563  INFO 28656 --- [main] o.hibernate.jpa.internal.util.LogHelper  : HHH000204: Processing PersistenceUnitInfo [name: default]
2023-02-22 12:28:25.599  INFO 28656 --- [main] org.hibernate.Version                    : HHH000412: Hibernate ORM core version 5.6.15.Final
2023-02-22 12:28:25.736  INFO 28656 --- [main] o.hibernate.annotations.common.Version   : HCANN000001: Hibernate Commons Annotations {5.1.2.Final}
2023-02-22 12:28:25.815  INFO 28656 --- [main] com.zaxxer.hikari.HikariDataSource       : HikariPool-1 - Starting...
2023-02-22 12:28:25.960  INFO 28656 --- [main] com.zaxxer.hikari.HikariDataSource       : HikariPool-1 - Start completed.
2023-02-22 12:28:25.971  INFO 28656 --- [main] org.hibernate.dialect.Dialect            : HHH000400: Using dialect: org.hibernate.dialect.MySQL5InnoDBDialect
2023-02-22 12:28:26.546  INFO 28656 --- [main] o.h.e.t.j.p.i.JtaPlatformInitiator       : HHH000490: Using JtaPlatform implementation: [org.hibernate.engine.transaction.jta.platform.internal.NoJtaPlatform]
2023-02-22 12:28:26.554  INFO 28656 --- [main] j.LocalContainerEntityManagerFactoryBean : Initialized JPA EntityManagerFactory for persistence unit 'default'
2023-02-22 12:28:27.102  WARN 28656 --- [main] JpaBaseConfiguration$JpaWebConfiguration : spring.jpa.open-in-view is enabled by default. Therefore, database queries may be performed during view rendering. Explicitly configure spring.jpa.open-in-view to disable this warning
2023-02-22 12:28:27.261  INFO 28656 --- [main] o.s.s.web.DefaultSecurityFilterChain     : Will secure any request with [org.springframework.security.web.session.DisableEncodeUrlFilter@c31419f, org.springframework.security.web.context.request.async.WebAsyncManagerIntegrationFilter@43dddfdd, org.springframework.security.web.context.SecurityContextPersistenceFilter@58ca6ba3, org.springframework.security.web.header.HeaderWriterFilter@6afced93, org.springframework.web.filter.CorsFilter@22c0344e, org.springframework.security.web.authentication.logout.LogoutFilter@627d5f99, org.bedu.proyectofinal.security.jwt.AuthTokenFilter@5265a8dd, org.springframework.security.web.savedrequest.RequestCacheAwareFilter@7676b2b9, org.springframework.security.web.servletapi.SecurityContextHolderAwareRequestFilter@720c0996, org.springframework.security.web.authentication.AnonymousAuthenticationFilter@7267006e, org.springframework.security.web.session.SessionManagementFilter@5b3ee43e, org.springframework.security.web.access.ExceptionTranslationFilter@62dfe152, org.springframework.security.web.access.intercept.FilterSecurityInterceptor@4840ec68]
2023-02-22 12:28:27.428  INFO 28656 --- [main] o.s.b.w.embedded.tomcat.TomcatWebServer  : Tomcat started on port(s): 8080 (http) with context path ''
2023-02-22 12:28:27.436  INFO 28656 --- [main] o.b.p.ProyectoFinalApplication           : Started ProyectoFinalApplication in 3.523 seconds (JVM running for 3.828)
2023-02-22 12:28:38.884  INFO 28656 --- [http-nio-8080-exec-1] o.a.c.c.C.[Tomcat].[localhost].[/]       : Initializing Spring DispatcherServlet 'dispatcherServlet'
2023-02-22 12:28:38.885  INFO 28656 --- [http-nio-8080-exec-1] o.s.web.servlet.DispatcherServlet        : Initializing Servlet 'dispatcherServlet'
2023-02-22 12:28:38.887  INFO 28656 --- [http-nio-8080-exec-1] o.s.web.servlet.DispatcherServlet        : Completed initialization in 1 ms
2023-02-22 12:30:52.547  INFO 28656 --- [SpringApplicationShutdownHook] j.LocalContainerEntityManagerFactoryBean : Closing JPA EntityManagerFactory for persistence unit 'default'
2023-02-22 12:30:52.550  INFO 28656 --- [SpringApplicationShutdownHook] com.zaxxer.hikari.HikariDataSource       : HikariPool-1 - Shutdown initiated...
2023-02-22 12:30:52.556  INFO 28656 --- [SpringApplicationShutdownHook] com.zaxxer.hikari.HikariDataSource       : HikariPool-1 - Shutdown completed.
2023-02-22 12:31:03.066  INFO 11068 --- [main] o.b.p.ProyectoFinalApplication           : Starting ProyectoFinalApplication using Java 15.0.2 on MSI with PID 11068 (C:\Users\Bravo17\Documents\Proyectos\BEDU\proyecto-final\proyecto-final-backend\target\classes started by Bravo17 in C:\Users\Bravo17\Documents\Proyectos\BEDU\proyecto-final\proyecto-final-backend)
2023-02-22 12:31:03.069  INFO 11068 --- [main] o.b.p.ProyectoFinalApplication           : No active profile set, falling back to 1 default profile: "default"
2023-02-22 12:31:03.632  INFO 11068 --- [main] .s.d.r.c.RepositoryConfigurationDelegate : Bootstrapping Spring Data JPA repositories in DEFAULT mode.
2023-02-22 12:31:03.708  INFO 11068 --- [main] .s.d.r.c.RepositoryConfigurationDelegate : Finished Spring Data repository scanning in 68 ms. Found 6 JPA repository interfaces.
2023-02-22 12:31:04.217  INFO 11068 --- [main] o.s.b.w.embedded.tomcat.TomcatWebServer  : Tomcat initialized with port(s): 8080 (http)
2023-02-22 12:31:04.227  INFO 11068 --- [main] o.apache.catalina.core.StandardService   : Starting service [Tomcat]
2023-02-22 12:31:04.227  INFO 11068 --- [main] org.apache.catalina.core.StandardEngine  : Starting Servlet engine: [Apache Tomcat/9.0.71]
2023-02-22 12:31:04.353  INFO 11068 --- [main] o.a.c.c.C.[Tomcat].[localhost].[/]       : Initializing Spring embedded WebApplicationContext
2023-02-22 12:31:04.354  INFO 11068 --- [main] w.s.c.ServletWebServerApplicationContext : Root WebApplicationContext: initialization completed in 1242 ms
2023-02-22 12:31:04.482  INFO 11068 --- [main] o.hibernate.jpa.internal.util.LogHelper  : HHH000204: Processing PersistenceUnitInfo [name: default]
2023-02-22 12:31:04.519  INFO 11068 --- [main] org.hibernate.Version                    : HHH000412: Hibernate ORM core version 5.6.15.Final
2023-02-22 12:31:04.635  INFO 11068 --- [main] o.hibernate.annotations.common.Version   : HCANN000001: Hibernate Commons Annotations {5.1.2.Final}
2023-02-22 12:31:04.704  INFO 11068 --- [main] com.zaxxer.hikari.HikariDataSource       : HikariPool-1 - Starting...
2023-02-22 12:31:04.845  INFO 11068 --- [main] com.zaxxer.hikari.HikariDataSource       : HikariPool-1 - Start completed.
2023-02-22 12:31:04.857  INFO 11068 --- [main] org.hibernate.dialect.Dialect            : HHH000400: Using dialect: org.hibernate.dialect.MySQL5InnoDBDialect
2023-02-22 12:31:05.416  INFO 11068 --- [main] o.h.e.t.j.p.i.JtaPlatformInitiator       : HHH000490: Using JtaPlatform implementation: [org.hibernate.engine.transaction.jta.platform.internal.NoJtaPlatform]
2023-02-22 12:31:05.425  INFO 11068 --- [main] j.LocalContainerEntityManagerFactoryBean : Initialized JPA EntityManagerFactory for persistence unit 'default'
2023-02-22 12:31:06.011  INFO 11068 --- [main] o.s.s.web.DefaultSecurityFilterChain     : Will secure any request with [org.springframework.security.web.session.DisableEncodeUrlFilter@278c67a7, org.springframework.security.web.context.request.async.WebAsyncManagerIntegrationFilter@758ebec4, org.springframework.security.web.context.SecurityContextPersistenceFilter@6afced93, org.springframework.security.web.header.HeaderWriterFilter@3ee200ae, org.springframework.web.filter.CorsFilter@c247363, org.springframework.security.web.authentication.logout.LogoutFilter@52fec840, org.bedu.proyectofinal.security.jwt.AuthTokenFilter@e4bb10b, org.springframework.security.web.savedrequest.RequestCacheAwareFilter@22dc9d46, org.springframework.security.web.servletapi.SecurityContextHolderAwareRequestFilter@63c6c5e5, org.springframework.security.web.authentication.AnonymousAuthenticationFilter@c6d7256, org.springframework.security.web.session.SessionManagementFilter@54a033b8, org.springframework.security.web.access.ExceptionTranslationFilter@665f88e1, org.springframework.security.web.access.intercept.FilterSecurityInterceptor@31fc658f]
2023-02-22 12:31:06.045  WARN 11068 --- [main] JpaBaseConfiguration$JpaWebConfiguration : spring.jpa.open-in-view is enabled by default. Therefore, database queries may be performed during view rendering. Explicitly configure spring.jpa.open-in-view to disable this warning
2023-02-22 12:31:06.341  INFO 11068 --- [main] o.s.b.w.embedded.tomcat.TomcatWebServer  : Tomcat started on port(s): 8080 (http) with context path ''
2023-02-22 12:31:06.349  INFO 11068 --- [main] o.b.p.ProyectoFinalApplication           : Started ProyectoFinalApplication in 3.6 seconds (JVM running for 3.911)
2023-02-22 12:31:17.200  INFO 11068 --- [http-nio-8080-exec-1] o.a.c.c.C.[Tomcat].[localhost].[/]       : Initializing Spring DispatcherServlet 'dispatcherServlet'
2023-02-22 12:31:17.201  INFO 11068 --- [http-nio-8080-exec-1] o.s.web.servlet.DispatcherServlet        : Initializing Servlet 'dispatcherServlet'
2023-02-22 12:31:17.202  INFO 11068 --- [http-nio-8080-exec-1] o.s.web.servlet.DispatcherServlet        : Completed initialization in 0 ms
2023-02-22 12:33:36.988 ERROR 11068 --- [http-nio-8080-exec-8] o.b.proyectofinal.security.jwt.JwtUtils  : La cadena JWT está vacia: JWT String argument cannot be null or empty.
2023-02-22 12:33:37.616 ERROR 11068 --- [http-nio-8080-exec-4] o.b.proyectofinal.security.jwt.JwtUtils  : La cadena JWT está vacia: JWT String argument cannot be null or empty.
2023-02-22 12:33:37.977 ERROR 11068 --- [http-nio-8080-exec-9] o.b.proyectofinal.security.jwt.JwtUtils  : La cadena JWT está vacia: JWT String argument cannot be null or empty.
2023-02-22 12:33:53.034 ERROR 11068 --- [http-nio-8080-exec-1] o.b.proyectofinal.security.jwt.JwtUtils  : La cadena JWT está vacia: JWT String argument cannot be null or empty.
2023-02-22 12:38:31.577 ERROR 11068 --- [http-nio-8080-exec-8] o.b.proyectofinal.security.jwt.JwtUtils  : La cadena JWT está vacia: JWT String argument cannot be null or empty.
2023-02-22 12:38:32.285 ERROR 11068 --- [http-nio-8080-exec-6] o.b.proyectofinal.security.jwt.JwtUtils  : La cadena JWT está vacia: JWT String argument cannot be null or empty.
2023-02-22 12:38:32.768 ERROR 11068 --- [http-nio-8080-exec-4] o.b.proyectofinal.security.jwt.JwtUtils  : La cadena JWT está vacia: JWT String argument cannot be null or empty.
